docker : AI enabled but 
no API Key provided in 
settings.
At line:1 char:1
+ docker logs 
order_service 2>&1 | 
Out-File order.log 
-Encoding utf8
+ ~~~~~~~~~~~~~~~~~~~~~~~~
~~~~~~
    + CategoryInfo        
      : NotSpecified: (A  
  I enabled but ...ed i   
 n settings.:String) [    
], RemoteException
    + FullyQualifiedError 
   Id : NativeCommandErr  
  or
 
Traceback (most recent 
call last):
  File 
"/usr/local/bin/uvicorn", 
line 8, in <module>
    sys.exit(main())
             ^^^^^^
  File "/usr/local/lib/pyt
hon3.12/site-packages/clic
k/core.py", line 1485, in 
__call__
    return 
self.main(*args, **kwargs)
           
^^^^^^^^^^^^^^^^^^^^^^^^^^
  File "/usr/local/lib/pyt
hon3.12/site-packages/clic
k/core.py", line 1406, in 
main
    rv = self.invoke(ctx)
         ^^^^^^^^^^^^^^^^
  File "/usr/local/lib/pyt
hon3.12/site-packages/clic
k/core.py", line 1269, in 
invoke
    return 
ctx.invoke(self.callback, 
**ctx.params)
           ^^^^^^^^^^^^^^^
^^^^^^^^^^^^^^^^^^^^^^^^
  File "/usr/local/lib/pyt
hon3.12/site-packages/clic
k/core.py", line 824, in 
invoke
    return 
callback(*args, **kwargs)
           
^^^^^^^^^^^^^^^^^^^^^^^^^
  File "/usr/local/lib/pyt
hon3.12/site-packages/uvic
orn/main.py", line 418, 
in main
    run(
  File "/usr/local/lib/pyt
hon3.12/site-packages/uvic
orn/main.py", line 587, 
in run
    server.run()
  File "/usr/local/lib/pyt
hon3.12/site-packages/uvic
orn/server.py", line 62, 
in run
    return asyncio.run(sel
f.serve(sockets=sockets))
           ^^^^^^^^^^^^^^^
^^^^^^^^^^^^^^^^^^^^^^^^^
  File "/usr/local/lib/pyt
hon3.12/asyncio/runners.py
", line 195, in run
    return 
runner.run(main)
           
^^^^^^^^^^^^^^^^
  File "/usr/local/lib/pyt
hon3.12/asyncio/runners.py
", line 118, in run
    return self._loop.run_
until_complete(task)
           ^^^^^^^^^^^^^^^
^^^^^^^^^^^^^^^^^^^^
  File "/usr/local/lib/pyt
hon3.12/asyncio/base_event
s.py", line 691, in 
run_until_complete
    return future.result()
           ^^^^^^^^^^^^^^^
  File "/usr/local/lib/pyt
hon3.12/site-packages/uvic
orn/server.py", line 69, 
in serve
    config.load()
  File "/usr/local/lib/pyt
hon3.12/site-packages/uvic
orn/config.py", line 458, 
in load
    self.loaded_app = impo
rt_from_string(self.app)
                      ^^^^
^^^^^^^^^^^^^^^^^^^^^^^^
  File "/usr/local/lib/pyt
hon3.12/site-packages/uvic
orn/importer.py", line 
21, in import_from_string
    module = importlib.imp
ort_module(module_str)
             ^^^^^^^^^^^^^
^^^^^^^^^^^^^^^^^^^^^^
  File "/usr/local/lib/pyt
hon3.12/importlib/__init__
.py", line 90, in 
import_module
    return _bootstrap._gcd
_import(name[level:], 
package, level)
           ^^^^^^^^^^^^^^^
^^^^^^^^^^^^^^^^^^^^^^^^^^
^^^^^^^^^^^
  File "<frozen 
importlib._bootstrap>", 
line 1387, in _gcd_import
  File "<frozen 
importlib._bootstrap>", 
line 1360, in 
_find_and_load
  File "<frozen 
importlib._bootstrap>", 
line 1331, in 
_find_and_load_unlocked
  File "<frozen 
importlib._bootstrap>", 
line 935, in 
_load_unlocked
  File "<frozen importlib.
_bootstrap_external>", 
line 999, in exec_module
  File "<frozen 
importlib._bootstrap>", 
line 488, in 
_call_with_frames_removed
  File 
"/app/app/main.py", line 
9, in <module>
    app = 
FastAPI(title="Order 
Service")
          ^^^^^^^
NameError: name 'FastAPI' 
is not defined
